# JRE version: Java(TM) SE Runtime Environment (8.0_171-b11) (build 1.8.0_171-b11)
# Java VM: Java HotSpot(TM) 64-Bit Server VM (25.171-b11 mixed mode bsd-amd64 compressed oops)
Heap:
 PSYoungGen      total 246272K, used 138030K [0x0000000795580000, 0x00000007af880000, 0x00000007c0000000)
  eden space 165376K, 41% used [0x0000000795580000,0x0000000799817528,0x000000079f700000)
  from space 80896K, 86% used [0x000000079f700000,0x00000007a3b346d0,0x00000007a4600000)
  to   space 92672K, 0% used [0x00000007a9e00000,0x00000007a9e00000,0x00000007af880000)
 ParOldGen       total 139776K, used 88727K [0x0000000740000000, 0x0000000748880000, 0x0000000795580000)
  object space 139776K, 63% used [0x0000000740000000,0x00000007456a5da8,0x0000000748880000)
 Metaspace       used 17664K, capacity 17874K, committed 18048K, reserved 1064960K
  class space    used 1604K, capacity 1659K, committed 1664K, reserved 1048576K
GC Heap History (10 events):
Event: 4.604 GC heap before
{Heap before GC invocations=7 (full 2):
 PSYoungGen      total 65024K, used 368K [0x0000000795580000, 0x00000007a1c80000, 0x00000007c0000000)
  eden space 59904K, 0% used [0x0000000795580000,0x0000000795580000,0x0000000799000000)
  from space 5120K, 7% used [0x0000000799000000,0x000000079905c010,0x0000000799500000)
  to   space 47616K, 0% used [0x000000079ee00000,0x000000079ee00000,0x00000007a1c80000)
 ParOldGen       total 111104K, used 75655K [0x0000000740000000, 0x0000000746c80000, 0x0000000795580000)
  object space 111104K, 68% used [0x0000000740000000,0x00000007449e1e10,0x0000000746c80000)
 Metaspace       used 15801K, capacity 15946K, committed 16128K, reserved 1064960K
  class space    used 1466K, capacity 1531K, committed 1536K, reserved 1048576K
Event: 4.619 GC heap after
Heap after GC invocations=7 (full 2):
 PSYoungGen      total 65024K, used 0K [0x0000000795580000, 0x00000007a1c80000, 0x00000007c0000000)
  eden space 59904K, 0% used [0x0000000795580000,0x0000000795580000,0x0000000799000000)
  from space 5120K, 0% used [0x0000000799000000,0x0000000799000000,0x0000000799500000)
  to   space 47616K, 0% used [0x000000079ee00000,0x000000079ee00000,0x00000007a1c80000)
 ParOldGen       total 139776K, used 46738K [0x0000000740000000, 0x0000000748880000, 0x0000000795580000)
  object space 139776K, 33% used [0x0000000740000000,0x0000000742da4a98,0x0000000748880000)
 Metaspace       used 15801K, capacity 15946K, committed 16128K, reserved 1064960K
  class space    used 1466K, capacity 1531K, committed 1536K, reserved 1048576K
}
Event: 5.259 GC heap before
{Heap before GC invocations=8 (full 2):
 PSYoungGen      total 65024K, used 57915K [0x0000000795580000, 0x00000007a1c80000, 0x00000007c0000000)
  eden space 59904K, 96% used [0x0000000795580000,0x0000000798e0ec18,0x0000000799000000)
  from space 5120K, 0% used [0x0000000799000000,0x0000000799000000,0x0000000799500000)
  to   space 47616K, 0% used [0x000000079ee00000,0x000000079ee00000,0x00000007a1c80000)
 ParOldGen       total 139776K, used 46738K [0x0000000740000000, 0x0000000748880000, 0x0000000795580000)
  object space 139776K, 33% used [0x0000000740000000,0x0000000742da4a98,0x0000000748880000)
 Metaspace       used 15871K, capacity 16010K, committed 16128K, reserved 1064960K
  class space    used 1469K, capacity 1531K, committed 1536K, reserved 1048576K
Event: 5.286 GC heap after
Heap after GC invocations=8 (full 2):
 PSYoungGen      total 145408K, used 41159K [0x0000000795580000, 0x00000007a3080000, 0x00000007c0000000)
  eden space 97792K, 0% used [0x0000000795580000,0x0000000795580000,0x000000079b500000)
  from space 47616K, 86% used [0x000000079ee00000,0x00000007a1631cb8,0x00000007a1c80000)
  to   space 58368K, 0% used [0x000000079b500000,0x000000079b500000,0x000000079ee00000)
 ParOldGen       total 139776K, used 72526K [0x0000000740000000, 0x0000000748880000, 0x0000000795580000)
  object space 139776K, 51% used [0x0000000740000000,0x00000007446d3978,0x0000000748880000)
 Metaspace       used 15871K, capacity 16010K, committed 16128K, reserved 1064960K
  class space    used 1469K, capacity 1531K, committed 1536K, reserved 1048576K
}
Event: 6.621 GC heap before
{Heap before GC invocations=9 (full 2):
 PSYoungGen      total 145408K, used 138951K [0x0000000795580000, 0x00000007a3080000, 0x00000007c0000000)
  eden space 97792K, 100% used [0x0000000795580000,0x000000079b500000,0x000000079b500000)
  from space 47616K, 86% used [0x000000079ee00000,0x00000007a1631cb8,0x00000007a1c80000)
  to   space 58368K, 0% used [0x000000079b500000,0x000000079b500000,0x000000079ee00000)
 ParOldGen       total 139776K, used 72526K [0x0000000740000000, 0x0000000748880000, 0x0000000795580000)
  object space 139776K, 51% used [0x0000000740000000,0x00000007446d3978,0x0000000748880000)
 Metaspace       used 16066K, capacity 16266K, committed 16384K, reserved 1064960K
  class space    used 1480K, capacity 1531K, committed 1536K, reserved 1048576K
Event: 6.675 GC heap after
Heap after GC invocations=9 (full 2):
 PSYoungGen      total 156160K, used 51389K [0x0000000795580000, 0x00000007a8a80000, 0x00000007c0000000)
  eden space 97792K, 0% used [0x0000000795580000,0x0000000795580000,0x000000079b500000)
  from space 58368K, 88% used [0x000000079b500000,0x000000079e72f4c8,0x000000079ee00000)
  to   space 70144K, 0% used [0x00000007a4600000,0x00000007a4600000,0x00000007a8a80000)
 ParOldGen       total 139776K, used 88159K [0x0000000740000000, 0x0000000748880000, 0x0000000795580000)
  object space 139776K, 63% used [0x0000000740000000,0x0000000745617d88,0x0000000748880000)
 Metaspace       used 16066K, capacity 16266K, committed 16384K, reserved 1064960K
  class space    used 1480K, capacity 1531K, committed 1536K, reserved 1048576K
}
Event: 7.580 GC heap before
{Heap before GC invocations=10 (full 2):
 PSYoungGen      total 156160K, used 148644K [0x0000000795580000, 0x00000007a8a80000, 0x00000007c0000000)
  eden space 97792K, 99% used [0x0000000795580000,0x000000079b479ca0,0x000000079b500000)
  from space 58368K, 88% used [0x000000079b500000,0x000000079e72f4c8,0x000000079ee00000)
  to   space 70144K, 0% used [0x00000007a4600000,0x00000007a4600000,0x00000007a8a80000)
 ParOldGen       total 139776K, used 88159K [0x0000000740000000, 0x0000000748880000, 0x0000000795580000)
  object space 139776K, 63% used [0x0000000740000000,0x0000000745617d88,0x0000000748880000)
 Metaspace       used 16613K, capacity 16778K, committed 17024K, reserved 1064960K
  class space    used 1522K, capacity 1595K, committed 1664K, reserved 1048576K
Event: 7.648 GC heap after
Heap after GC invocations=10 (full 2):
 PSYoungGen      total 235520K, used 58817K [0x0000000795580000, 0x00000007aa280000, 0x00000007c0000000)
  eden space 165376K, 0% used [0x0000000795580000,0x0000000795580000,0x000000079f700000)
  from space 70144K, 83% used [0x00000007a4600000,0x00000007a7f70770,0x00000007a8a80000)
  to   space 80896K, 0% used [0x000000079f700000,0x000000079f700000,0x00000007a4600000)
 ParOldGen       total 139776K, used 88167K [0x0000000740000000, 0x0000000748880000, 0x0000000795580000)
  object space 139776K, 63% used [0x0000000740000000,0x0000000745619d88,0x0000000748880000)
 Metaspace       used 16613K, capacity 16778K, committed 17024K, reserved 1064960K
  class space    used 1522K, capacity 1595K, committed 1664K, reserved 1048576K
}
Event: 33.712 GC heap before
{Heap before GC invocations=11 (full 2):
 PSYoungGen      total 235520K, used 222029K [0x0000000795580000, 0x00000007aa280000, 0x00000007c0000000)
  eden space 165376K, 98% used [0x0000000795580000,0x000000079f4e2d78,0x000000079f700000)
  from space 70144K, 83% used [0x00000007a4600000,0x00000007a7f70770,0x00000007a8a80000)
  to   space 80896K, 0% used [0x000000079f700000,0x000000079f700000,0x00000007a4600000)
 ParOldGen       total 139776K, used 88167K [0x0000000740000000, 0x0000000748880000, 0x0000000795580000)
  object space 139776K, 63% used [0x0000000740000000,0x0000000745619d88,0x0000000748880000)
 Metaspace       used 17609K, capacity 17746K, committed 18048K, reserved 1064960K
  class space    used 1601K, capacity 1659K, committed 1664K, reserved 1048576K
Event: 33.751 GC heap after
Heap after GC invocations=11 (full 2):
 PSYoungGen      total 246272K, used 69841K [0x0000000795580000, 0x00000007af880000, 0x00000007c0000000)
  eden space 165376K, 0% used [0x0000000795580000,0x0000000795580000,0x000000079f700000)
  from space 80896K, 86% used [0x000000079f700000,0x00000007a3b346d0,0x00000007a4600000)
  to   space 92672K, 0% used [0x00000007a9e00000,0x00000007a9e00000,0x00000007af880000)
 ParOldGen       total 139776K, used 88727K [0x0000000740000000, 0x0000000748880000, 0x0000000795580000)
  object space 139776K, 63% used [0x0000000740000000,0x00000007456a5da8,0x0000000748880000)
 Metaspace       used 17609K, capacity 17746K, committed 18048K, reserved 1064960K
  class space    used 1601K, capacity 1659K, committed 1664K, reserved 1048576K
}

